
 ==============================
 S N O P T  7.2-5    (May 2007)
 ==============================
 
 SNMEMB EXIT 100 -- finished successfully
 SNMEMB INFO 104 -- memory requirements estimated

 ==============================
 S N O P T  7.2-5    (May 2007)
 ==============================
 
 

 Nonlinear constraints      18     Linear constraints       0
 Nonlinear variables        10     Linear variables         0
 Jacobian  variables        10     Objective variables     10
 Total constraints          18     Total variables         10
 

 
 The user has defined      58   out of      58   constraint gradients.
 The user has defined      10   out of      10   objective  gradients.
 

 Major Minors     Step   nCon Feasible  Optimal  MeritFunction    nS Penalty
     0      6               1  1.2E-04  1.0E-02 -2.1902339E+01     6           r
     1      1  1.0E+00      2 (1.8E-17) 1.0E-02 -2.2324244E+01     6         n r
     2      1  1.0E+00      3 (1.8E-17) 7.6E+00 -2.2528529E+01     6         s
     3      1  1.0E+00      4 (1.8E-17) 3.7E+00 -2.2662868E+01     6
     4      1  1.0E+00      5 (1.8E-17) 1.1E-01 -2.2733795E+01     6
     5      1  2.5E-02      8 (1.8E-17) 1.4E+00 -2.2767130E+01     6
     6      1  8.4E-02     12 (1.8E-17) 4.5E+00 -2.2773715E+01     6
     7      1  3.0E-02     22 (1.8E-17) 6.0E+00 -2.2773768E+01     6
     8      1  1.4E-01     24 (1.8E-17) 9.4E+00 -2.2774001E+01     6
     9      1  3.5E-02     34 (1.8E-17) 9.6E+00 -2.2774103E+01     6

 Major Minors     Step   nCon Feasible  Optimal  MeritFunction    nS Penalty
    10      1  3.5E-02     44 (1.8E-17) 8.8E+00 -2.2774299E+01     6
    11      1  1.2E-02     54 (1.8E-17) 7.4E+00 -2.2774349E+01     6
    12      1  4.6E-03     64 (1.8E-17) 6.4E+00 -2.2774363E+01     6
    13      1  1.7E-03     74 (1.8E-17) 5.9E+00 -2.2774366E+01     6
    14      1  9.8E-04     84 (1.8E-17) 5.6E+00 -2.2774368E+01     6
    15      1  5.9E-04     94 (1.8E-17) 5.4E+00 -2.2774368E+01     6
    16      1  6.1E-04    104 (1.8E-17) 5.3E+00 -2.2774368E+01     6
    17      1  3.8E-05    114 (1.8E-17) 5.2E+00 -2.2774368E+01     6
    18      1  3.0E-04    124 (1.8E-17) 5.2E+00 -2.2774369E+01     6
    19      1  3.0E-04    134 (1.8E-17) 5.2E+00 -2.2774369E+01     6

 Major Minors     Step   nCon Feasible  Optimal  MeritFunction    nS Penalty
    20      1  2.2E-04    144 (1.8E-17) 5.1E+00 -2.2774369E+01     6
    21      1  3.0E-04    154 (1.8E-17) 5.1E+00 -2.2774369E+01     6
    22      1  2.2E-04    164 (1.8E-17) 5.0E+00 -2.2774369E+01     6
    23      1  2.2E-04    174 (1.8E-17) 5.0E+00 -2.2774370E+01     6
    24      1  3.1E-04    184 (1.8E-17) 4.9E+00 -2.2774370E+01     6
    25      1  2.3E-04    194 (1.8E-17) 4.9E+00 -2.2774370E+01     6
    26      1  2.3E-04    204 (1.8E-17) 4.9E+00 -2.2774370E+01     6
    27      1  2.3E-04    214 (1.8E-17) 4.8E+00 -2.2774370E+01     6
    28      1  3.2E-04    224 (1.8E-17) 4.8E+00 -2.2774371E+01     6
    29      1  2.1E-04    234 (1.8E-17) 4.7E+00 -2.2774371E+01     6

 Major Minors     Step   nCon Feasible  Optimal  MeritFunction    nS Penalty
    30      2  1.0E+00    236 (1.8E-17) 6.8E-01 -2.2774686E+01     6          M
    31      1  1.0E+00    237 (1.8E-17) 1.1E+00 -2.2797591E+01     6
    32      2  1.0E+00    238 (1.8E-17) 5.8E+00 -2.2805242E+01     6
    33      1  2.3E-01    241 (1.8E-17) 2.4E+00 -2.2805773E+01     6
    33      2             249 (1.8E-17) 1.2E-02 -2.2805773E+01     6           r
    34      1  1.4E-02    252 (1.8E-17) 9.7E-01 -2.2805944E+01     6         s
    35      1  5.1E-02    262 (1.8E-17) 8.3E-01 -2.2805944E+01     6
    36      1  2.9E-07    272 (1.8E-17) 5.7E-01 -2.2805944E+01     6
    36      2             280 (1.8E-17) 1.8E-02 -2.2805944E+01     6           r
    37      1  7.4E-10    288 (1.8E-17) 9.1E-01 -2.2805944E+01     6         s
 
 SNOPTC EXIT  40 -- terminated after numerical difficulties
 SNOPTC INFO  41 -- current point cannot be improved

 Problem name                 O
 No. of iterations                  47   Objective value     -2.2805944235E+01
 No. of major iterations            37   Linear objective     0.0000000000E+00
 Penalty parameter           0.000E+00   Nonlinear objective -2.2805944235E+01
 No. of calls to funobj            296   No. of calls to funcon            296
 No. of superbasics                  6   No. of basic nonlinears             4
 No. of degenerate steps             0   Percentage                       0.00
 Max x                       4 9.0E+01   Max pi                      1 1.7E+01
 Max Primal infeas           0 0.0E+00   Max Dual infeas             7 1.7E+01
 Nonlinear constraint violn    1.3E-15
 
 

 Solution printed on file  18
 
 Time for MPS input                             0.00 seconds
 Time for solving problem                   14623.89 seconds
 Time for solution output                       0.00 seconds
 Time for constraint functions              14690.78 seconds
 Time for objective function                    0.00 seconds
