
         ==============================
         S N O P T  7.2-5    (May 2007)
         ==============================
      Verify level               0
      Major iterations limit              20
      Minor iterations limit            1000
      Iterations limit         1000000
      Major step limit  2.00000000E+00
      Major feasibility tolerance  1.00000000E-04
      Major optimality tolerance  1.00000000E-03
      Minor feasibility tolerance  1.00000000E-04
      Derivative level               3
1
 
 SNMEMB EXIT 100 -- finished successfully
 SNMEMB INFO 104 -- memory requirements estimated

         ==============================
         S N O P T  7.2-5    (May 2007)
         ==============================
      Verify level               0
      Major iterations limit              20
      Minor iterations limit            1000
      Iterations limit         1000000
      Major step limit  2.00000000E+00
      Major feasibility tolerance  1.00000000E-04
      Major optimality tolerance  1.00000000E-03
      Minor feasibility tolerance  1.00000000E-04
      Derivative level               3
1
 
 Parameters
 ==========

 Files
 -----
 Solution file..........         0       Old basis file ........         0       Standard input.........         5
 Insert file............         0       New basis file ........         0       (Printer)..............        18
 Punch file.............         0       Backup basis file......         0       (Specs file)...........         0
 Load file..............         0       Dump file..............         0       Standard output........         6

 Frequencies
 -----------
 Print frequency........       100       Check frequency........        60       Save new basis map.....       100
 Summary frequency......       100       Factorization frequency        50       Expand frequency.......     10000

 QP subproblems
 --------------
 QPsolver Cholesky......
 Scale tolerance........     0.900       Minor feasibility tol..  1.00E-04       Iteration limit........   1000000
 Scale option...........         0       Minor optimality  tol..  1.00E-06       Minor print level......         1
 Crash tolerance........     0.100       Pivot tolerance........  3.25E-11       Partial price..........         1
 Crash option...........         3       Elastic weight.........  1.00E+04       Prtl price section ( A)        10
                                         New superbasics........        99       Prtl price section (-I)        15

 The SQP Method
 --------------
 Minimize...............                 Cold start.............                 Proximal Point method..         1
 Nonlinear objectiv vars        10       Major optimality tol...  1.00E-03       Function precision.....  3.00E-13
 Unbounded step size....  1.00E+20       Superbasics limit......        10       Difference interval....  5.48E-07
 Unbounded objective....  1.00E+15       Reduced Hessian dim....        10       Central difference int.  6.70E-05
 Major step limit.......  2.00E+00       Derivative linesearch..                 Derivative level.......         3
 Major iterations limit.        20       Linesearch tolerance...   0.90000       Verify level...........         0
 Minor iterations limit.      1000       Penalty parameter......  0.00E+00       Major Print Level......         1

 Hessian Approximation
 ---------------------
 Full-Memory Hessian....                 Hessian updates........  99999999       Hessian frequency......  99999999
                                                                                 Hessian flush..........  99999999

 Nonlinear constraints
 ---------------------
 Nonlinear constraints..        15       Major feasibility tol..  1.00E-04       Violation limit........  1.00E+06
 Nonlinear Jacobian vars        10

 Miscellaneous
 -------------
 LU factor tolerance....      3.99       LU singularity tol.....  3.25E-11       Timing level...........         3
 LU update tolerance....      3.99       LU swap tolerance......  1.22E-04       Debug level............         0
 LU partial  pivoting...                 eps (machine precision)  2.22E-16       System information.....        No
1
 

 

 Matrix statistics
 -----------------
               Total      Normal        Free       Fixed     Bounded
 Rows             15          11           0           4           0
 Columns          10           0           7           0           3

 No. of matrix elements                   49     Density      32.667
 Biggest                          0.0000E+00  (excluding fixed columns,
 Smallest                         0.0000E+00   free rows, and RHS)

 No. of objective coefficients             0

 Nonlinear constraints      15     Linear constraints       0
 Nonlinear variables        10     Linear variables         0
 Jacobian  variables        10     Objective variables     10
 Total constraints          15     Total variables         10
1
 

 
 The user has defined      49   out of      49   constraint gradients.
 The user has defined      10   out of      10   objective  gradients.

 Cheap test of user-supplied problem derivatives...

 The constraint gradients seem to be OK.

 -->  The largest discrepancy was    4.24E-08  in constraint    13
 

 The objective  gradients seem to be OK.

 Gradient projected in one direction  -5.96002785110E+01
 Difference approximation             -5.96011214003E+01
1
 
 

   Itns Major Minors    Step   nCon Feasible  Optimal  MeritFunction     L+U BSwap     nS  condHz Penalty
      6     0      6              1 (7.7E-05) 9.8E-03 -1.0227891E+01      17            6 1.0E+00         _  r
      7     1      1 1.0E+00      2 (1.1E-10) 9.7E-03 -8.8364229E+00      17            6 1.0E+00 5.9E+04 _n r
      8     2      1 1.0E+00      3 (2.0E-10) 2.5E+00 -1.0892571E+01      17            6 4.5E+00 5.9E+04 _s
      9     3      1 2.7E-01      5 (1.2E-07) 2.1E+00 -1.0979263E+01      15            6 7.7E+00 5.9E+04 _
     10     4      1 1.8E-01      7 (9.8E-08) 9.7E-01 -1.6117080E+01      15            6 1.9E+01 3.1E+02 _
     11     5      1 2.7E-01      9 (7.1E-08) 1.4E-01 -1.6916156E+01      15            6 1.4E+01 3.3E+01 _
     12     6      1 2.5E-01     11 (5.4E-08) 7.1E-01 -1.7004847E+01      15            6 1.5E+01 1.2E+01 _
     13     7      1 2.2E-01     13 (4.2E-08) 1.6E+00 -1.7134260E+01      15            6 1.7E+01 1.2E+01 _
     14     8      1 2.1E-01     15 (3.3E-08) 2.1E+00 -1.7208382E+01      15            6 2.2E+01 1.2E+01 _
     15     9      1 5.1E-02     25 (3.1E-08) 1.3E+00 -1.7258525E+01      15            6 2.9E+01 1.2E+01 _
     16    10      1 2.7E-05     35 (3.1E-08) 1.0E+00 -1.7258598E+01      15            6 5.8E+01 1.2E+01 _
     18    11      2 6.2E-07     45 (3.1E-08) 1.1E+00 -1.7258615E+01      15            5 1.5E+01 1.2E+01 _
     19    12      1 3.5E-09     56 (3.1E-08) 1.1E+00 -1.7258615E+01      15            5 1.5E+01 1.2E+01 _n
     23    13      4 3.5E-09     66 (3.1E-08) 1.9E-02 -1.7258615E+01      16            6 1.3E+01 1.2E+01 _n R
     24    14      1 4.0E-06     77 (3.1E-08) 1.9E-02 -1.7258618E+01      16            6 1.3E+01 1.2E+01 _n R
     25    15      1 1.9E-06     87 (3.1E-08) 1.9E-02 -1.7258766E+01      16            6 4.0E+00 1.2E+01 _n r
     26    16      1 9.4E-03     98 (3.1E-08) 2.3E-02 -1.7374126E+01      16            6 4.0E+00         _n r
     27    17      1 2.9E-04    109 (3.1E-08) 6.3E-01 -1.7378965E+01      16            6 3.9E+00         _sM
     28    18      1 2.7E-04    120 (3.1E-08) 7.3E-01 -1.7379559E+01      15     1      6 1.7E+01         _ M
     29    19      1 1.4E-02    130 (3.1E-08) 1.5E+00 -1.7382200E+01      15            6 1.9E+01         _

   Itns Major Minors    Step   nCon Feasible  Optimal  MeritFunction     L+U BSwap     nS  condHz Penalty
     30    20      1 2.6E-06    140 (3.1E-08) 1.5E+00 -1.7382206E+01      15            6 7.6E+00         _
1
 
 SNOPTC EXIT  30 -- resource limit error
 SNOPTC INFO  32 -- major iteration limit reached

 Problem name                 O
 No. of iterations                  30   Objective value     -1.7382211143E+01
 No. of major iterations            20   Linear objective     0.0000000000E+00
 Penalty parameter           0.000E+00   Nonlinear objective -1.7382211143E+01
 No. of calls to funobj            141   No. of calls to funcon            141
 No. of superbasics                  6   No. of basic nonlinears             4
 No. of degenerate steps             0   Percentage                       0.00
 Max x                       5 1.1E+02   Max pi                      4 3.9E+02
 Max Primal infeas           0 0.0E+00   Max Dual infeas             9 6.0E+02
 Nonlinear constraint violn    2.7E-06
1
 
 Name           O                        Objective Value     -1.7382211143E+01

 Status         Optimal Soln             Iteration     30    Superbasics     6

 Objective      Œrs”NŒ (Min)
 RHS            re”NŒlo
 Ranges         wer”hŒ
 Bounds         _reconst

 Section 1 - Rows

  Number  ...Row.. State  ...Activity...  Slack Activity  ..Lower Limit.  ..Upper Limit.  .Dual Activity    ..i
 
      11  r      1    EQ         0.00000         0.00000          .               .             -3.13958      1
      12  r      2    EQ         0.00000         0.00000          .               .            -55.70678      2
      13  r      3    EQ         0.00000         0.00000          .               .           -217.81494      3
      14  r      4    EQ        -0.00000        -0.00000          .               .            392.89996      4
      15  r      5    BS        79.25581        74.25581         5.00000           None           .           5
      16  r      6    BS        53.14590        48.14590         5.00000           None           .           6
      17  r      7    BS        52.20000        47.20000         5.00000           None           .           7
      18  r      8    BS         0.23000         0.13000         0.10000           None           .           8
      19  r      9    BS         0.22000         0.12000         0.10000           None           .           9
      20  r     10    BS         0.71000         0.61000         0.10000           None           .          10
      21  r     11    BS         0.50000         0.40000         0.10000           None           .          11
      22  r     12    BS        15.00000        15.00000          .                None           .          12
      23  r     13    BS        20.00000        20.00000          .                None           .          13
      24  r     14    BS        50.00000        50.00000          .                None           .          14
      25  r     15    BS        50.00000        50.00000          .                None           .          15
1
 
 Section 2 - Columns

  Number  .Column. State  ...Activity...  .Obj Gradient.  ..Lower Limit.  ..Upper Limit.  Reduced Gradnt    m+j
 
       1  x      1   SBS         2.65510         0.22221           None            None          0.22221     16
       2  x      2 N SBS        -3.56852         0.44833           None            None          0.44833     17
       3  x      3 N SBS        -9.93598         4.28284           None            None          4.28284     18
       4  x      4   SBS       -90.39829         0.24499           None         -1.0             0.24499     19
       5  x      5 N SBS      -109.65410        -0.95674           None         -1.0            -0.95674     20
       6  x      6 N SBS       -62.80000       -11.87505           None         -1.0           -11.87505     21
       7  x      7    BS         0.00000      -516.21266           None            None       -513.07308     22
       8  x      8    BS         0.00000        64.24137           None            None        119.94815     23
       9  x      9 N  BS         0.00000       378.99937           None            None        596.81431     24
      10  x     10    BS        -0.00000       503.19144           None            None        110.29148     25
 
 Time for MPS input                             0.00 seconds
 Time for solving problem                    8488.71 seconds
 Time for solution output                       0.00 seconds
 Time for constraint functions               8577.75 seconds
 Time for objective function                    0.00 seconds
