
 ==============================
 S N O P T  7.2-5    (May 2007)
 ==============================
 
 SNMEMB EXIT 100 -- finished successfully
 SNMEMB INFO 104 -- memory requirements estimated

 ==============================
 S N O P T  7.2-5    (May 2007)
 ==============================
 
 

 Nonlinear constraints      28     Linear constraints       0
 Nonlinear variables        30     Linear variables         0
 Jacobian  variables        30     Objective variables     30
 Total constraints          28     Total variables         30
 

 
 The user has defined     425   out of     425   constraint gradients.
 The user has defined      30   out of      30   objective  gradients.
 

 Major Minors     Step   nCon Feasible  Optimal  MeritFunction    nS Penalty
     0     25               1 (1.9E-08) 1.4E-02  9.0809942E+01    17           r
     1      4  8.4E-02      3  2.4E-04  1.1E-02  8.7280252E+01    16         n r
     2      6  1.7E-01      5  1.2E-04  7.9E-01  7.6897720E+01    17         s
     3      7  3.8E-01      7 (9.0E-08) 5.1E-01  7.2313644E+01    17
     4      3  1.0E+00      8 (1.7E-06) 1.5E+00  7.0899029E+01    19
     5      5  1.0E+00      9 (2.7E-19) 2.6E+00  6.6146109E+01    23
     6      1  1.0E-01     11 (5.0E-10) 1.2E+00  6.6131902E+01    23
     7      1  1.0E+00     12 (3.6E-09) 2.2E+00  6.6033852E+01    23
     8      1  1.0E+00     13 (7.4E-11) 2.1E+00  6.5953120E+01    23
     9      3  1.0E+00     14 (3.7E-09) 1.6E+00  6.5758267E+01    23

 Major Minors     Step   nCon Feasible  Optimal  MeritFunction    nS Penalty
    10      3  1.0E+00     15 (4.8E-09) 9.9E-01  6.5632536E+01    22
    11      3  1.0E+00     16 (4.4E-05) 9.9E-01  6.5555172E+01    22
    12      2  1.0E+00     17 (7.0E-07) 9.9E-01  6.5502459E+01    21
    13      1  1.0E+00     18 (7.2E-10) 9.9E-01  6.5458076E+01    21
    14      1  1.0E+00     19 (1.9E-09) 8.8E-01  6.5368702E+01    21
    15      1  1.0E+00     20 (8.8E-09) 1.8E+00  6.5101388E+01    21
    16      1  1.0E+00     21 (2.8E-08) 2.7E+00  6.4379505E+01    21
    17      3  1.0E+00     22 (8.7E-08) 3.0E+00  6.2238040E+01    19
    18      3  1.0E+00     23 (2.6E-06) 1.1E+01  5.8453440E+01    21
    19      5  1.0E+00     24 (6.8E-11) 3.5E+00  5.6787261E+01    21

 Major Minors     Step   nCon Feasible  Optimal  MeritFunction    nS Penalty
    20      3  1.0E+00     25 (1.2E-08) 1.0E+00  5.4945806E+01    23
    21      2  4.9E-01     27 (2.4E-09) 8.9E-01  5.4825887E+01    23
    22      4  1.0E+00     28 (2.0E-09) 9.5E-01  5.4785953E+01    21
    23      5  1.0E+00     29 (1.8E-09) 9.8E-01  5.4730834E+01    20
    24      2  1.0E+00     30 (8.4E-10) 2.6E+00  5.4645982E+01    21
    25      3  1.0E+00     31 (1.1E-08) 6.8E+00  5.4417381E+01    22
    26      4  1.0E+00     32 (1.1E-07) 2.6E+01  5.3793090E+01    21
    27      2  1.0E+00     33 (8.2E-07) 5.6E+00  5.2218940E+01    20
    28      1  1.0E+00     34 (5.0E-06) 1.1E+00  4.8637947E+01    20
    29      2  1.0E+00     35 (9.5E-06) 7.9E-01  4.3069054E+01    21

 Major Minors     Step   nCon Feasible  Optimal  MeritFunction    nS Penalty
    30      4  1.0E+00     36 (5.9E-05) 8.4E-01  3.1772657E+01    20
    31      2  2.8E-02     38 (5.8E-05) 1.7E+00  3.1454574E+01    19
    32      1  1.0E+00     39 (4.8E-05) 2.7E+00  1.5976798E+01    19
    33      3  1.0E+00     40 (2.8E-05) 2.7E+00  8.8860704E+00    19
    34      2  1.0E+00     41 (4.8E-05) 1.3E+00  7.1941433E+00    20
    35      1  1.0E+00     42 (8.7E-07) 2.3E+00  5.2420869E+00    20
    36      4  1.0E+00     43 (3.9E-06) 8.4E+00  4.4842143E+00    21
    37      3  6.0E-01     45 (9.5E-06) 5.3E+00  3.9974189E+00    21
    38      2  1.0E+00     46 (2.8E-09) 2.2E+00  3.8376840E+00    21
    39      3  2.6E-01     48 (2.7E-09) 2.5E+00  3.7893311E+00    21

 Major Minors     Step   nCon Feasible  Optimal  MeritFunction    nS Penalty
    40      5  3.8E-01     50 (1.8E-09) 7.0E+00  3.7515641E+00    22
    41      2  1.0E+00     51 (5.6E-10) 1.0E+01  3.7374098E+00    23
    42      3  1.0E+00     52 (2.9E-09) 1.7E+01  3.7137704E+00    23
    43      3  1.0E+00     53 (3.0E-09) 1.5E+01  3.6916280E+00    23
    44      3  1.0E+00     54 (4.4E-09) 4.8E+00  3.6521596E+00    22
    45      1  1.0E+00     55 (7.0E-10) 3.8E+00  3.6266164E+00    22
    46      1  1.0E+00     56 (2.1E-10) 6.6E+00  3.6253986E+00    22
    47      1  1.0E+00     57 (8.1E-12) 8.1E-01  3.6113377E+00    22
    48      1  2.8E-01     59 (6.6E-12) 9.5E+00  3.6031352E+00    22
    49      1  1.0E+00     60 (1.1E-10) 2.0E+01  3.5913417E+00    22

 Major Minors     Step   nCon Feasible  Optimal  MeritFunction    nS Penalty
    50      3  1.0E+00     61 (9.8E-10) 6.3E+00  3.5464019E+00    24
 
 SNOPTC EXIT  30 -- resource limit error
 SNOPTC INFO  32 -- major iteration limit reached

 Problem name                 O
 No. of iterations                 156   Objective value      3.5463911006E+00
 No. of major iterations            50   Linear objective     0.0000000000E+00
 Penalty parameter           0.000E+00   Nonlinear objective  3.5463911006E+00
 No. of calls to funobj             62   No. of calls to funcon             62
 No. of superbasics                 24   No. of basic nonlinears             7
 No. of degenerate steps             3   Percentage                       1.92
 Max x                       7 3.6E+02   Max pi                      1 4.3E+01
 Max Primal infeas           0 0.0E+00   Max Dual infeas            19 2.8E+02
 Nonlinear constraint violn    3.1E-07
 
 

 Solution printed on file  18
 
 Time for MPS input                             0.00 seconds
 Time for solving problem                     993.23 seconds
 Time for solution output                       0.01 seconds
 Time for constraint functions               1009.40 seconds
 Time for objective function                    0.00 seconds
